Start testing: Sep 24 03:17 UTC
----------------------------------------------------------
1/1 Testing: pbe_tests
1/1 Test: pbe_tests
Command: "/mnt/data/photo_beauty_engine/build/desktop/pbe_tests"
Directory: /mnt/data/photo_beauty_engine/build/desktop
"pbe_tests" start time: Sep 24 03:17 UTC
Output:
----------------------------------------------------------
PhotoBeautyEngine tests passed.
<end of output>
Test time =   0.00 sec
----------------------------------------------------------
Test Passed.
"pbe_tests" end time: Sep 24 03:17 UTC
"pbe_tests" time elapsed: 00:00:00
----------------------------------------------------------

End testing: Sep 24 03:17 UTC
